<?xml version="1.0" encoding="UTF-8"?>
<!-- Generated by org.testng.reporters.JUnitXMLReporter -->
<testsuite ignored="0" hostname="DESKTOP-GLJB1TD" failures="2" tests="4" name="Selenium Course Suite tests" time="44.98" errors="0" timestamp="2021-04-24T18:41:47 EEST">
  <testcase classname="com.finance.yahoo.test.testcases.YahooSignUp" name="executeTest" time="16.884">
    <failure type="java.lang.AssertionError" message="The following asserts failed:
	expected [This email address is not available for sign up, try something else] but found [],
	expected [Your password isn’t strong enough, try making it longer.] but found [],
	expected [That doesn’t look right, please re-enter your birthday.] but found []">
      <![CDATA[java.lang.AssertionError: The following asserts failed:
expected [This email address is not available for sign up, try something else] but found [],
expected [Your password isn’t strong enough, try making it longer.] but found [],
expected [That doesn’t look right, please re-enter your birthday.] but found []
at com.finance.yahoo.test.testcases.YahooSignUp.executeTest(YahooSignUp.java:40)
at java.base/java.util.concurrent.ThreadPoolExecutor.runWorker(ThreadPoolExecutor.java:1130)
at java.base/java.util.concurrent.ThreadPoolExecutor$Worker.run(ThreadPoolExecutor.java:630)
at java.base/java.lang.Thread.run(Thread.java:832)
... Removed 14 stack frames]]>
    </failure>
  </testcase> <!-- executeTest -->
  <testcase classname="com.finance.yahoo.test.testcases.CheckStatistics" name="executeTest" time="20.274"/>
  <testcase classname="com.finance.yahoo.test.testcases.YahooSignUp" name="executeTest" time="15.642">
    <failure type="java.lang.AssertionError" message="The following asserts failed:
	expected [This email address is not available for sign up, try something else] but found [],
	expected [Your password isn’t strong enough, try making it longer.] but found [],
	expected [That doesn’t look right, please re-enter your birthday.] but found []">
      <![CDATA[java.lang.AssertionError: The following asserts failed:
expected [This email address is not available for sign up, try something else] but found [],
expected [Your password isn’t strong enough, try making it longer.] but found [],
expected [That doesn’t look right, please re-enter your birthday.] but found []
at com.finance.yahoo.test.testcases.YahooSignUp.executeTest(YahooSignUp.java:40)
at java.base/java.util.concurrent.ThreadPoolExecutor.runWorker(ThreadPoolExecutor.java:1130)
at java.base/java.util.concurrent.ThreadPoolExecutor$Worker.run(ThreadPoolExecutor.java:630)
at java.base/java.lang.Thread.run(Thread.java:832)
... Removed 14 stack frames]]>
    </failure>
  </testcase> <!-- executeTest -->
  <testcase classname="com.finance.yahoo.test.testcases.CheckStatistics" name="executeTest" time="17.647"/>
</testsuite> <!-- Selenium Course Suite tests -->
