<?xml version="1.0" encoding="UTF-8"?>
<testng-results ignored="0" total="4" passed="4" failed="0" skipped="0">
  <reporter-output>
  </reporter-output>
  <suite started-at="2021-04-25T00:02:49 EEST" name="Test Demo Suite" finished-at="2021-04-25T00:03:32 EEST" duration-ms="43704">
    <groups>
    </groups>
    <test started-at="2021-04-25T00:02:49 EEST" name="Selenium Course Suite tests" finished-at="2021-04-25T00:03:32 EEST" duration-ms="43704">
      <class name="com.finance.yahoo.test.testcases.YahooSignUp">
        <test-method is-config="true" signature="setUp()[pri:0, instance:com.finance.yahoo.test.testcases.YahooSignUp@341b80b2]" started-at="2021-04-25T00:02:49 EEST" name="setUp" finished-at="2021-04-25T00:02:52 EEST" duration-ms="3426" status="PASS">
          <reporter-output>
          </reporter-output>
        </test-method> <!-- setUp -->
        <test-method signature="executeTest(java.lang.String,java.lang.String,java.lang.String,java.lang.String,java.lang.String,java.lang.String,java.lang.String,java.lang.String)[pri:0, instance:com.finance.yahoo.test.testcases.YahooSignUp@341b80b2]" started-at="2021-04-25T00:02:52 EEST" name="executeTest" data-provider="login-Data" finished-at="2021-04-25T00:03:09 EEST" duration-ms="16881" status="PASS">
          <params>
            <param index="0">
              <value>
                <![CDATA[project]]>
              </value>
            </param>
            <param index="1">
              <value>
                <![CDATA[test]]>
              </value>
            </param>
            <param index="2">
              <value>
                <![CDATA[test]]>
              </value>
            </param>
            <param index="3">
              <value>
                <![CDATA[as]]>
              </value>
            </param>
            <param index="4">
              <value>
                <![CDATA[fdd]]>
              </value>
            </param>
            <param index="5">
              <value>
                <![CDATA[3]]>
              </value>
            </param>
            <param index="6">
              <value>
                <![CDATA[f]]>
              </value>
            </param>
            <param index="7">
              <value>
                <![CDATA[f]]>
              </value>
            </param>
          </params>
          <reporter-output>
          </reporter-output>
        </test-method> <!-- executeTest -->
        <test-method is-config="true" signature="tearDown()[pri:0, instance:com.finance.yahoo.test.testcases.YahooSignUp@341b80b2]" started-at="2021-04-25T00:03:09 EEST" name="tearDown" finished-at="2021-04-25T00:03:10 EEST" duration-ms="1019" status="PASS">
          <reporter-output>
          </reporter-output>
        </test-method> <!-- tearDown -->
        <test-method is-config="true" signature="setUp()[pri:0, instance:com.finance.yahoo.test.testcases.YahooSignUp@341b80b2]" started-at="2021-04-25T00:03:10 EEST" name="setUp" finished-at="2021-04-25T00:03:13 EEST" duration-ms="2579" status="PASS">
          <reporter-output>
          </reporter-output>
        </test-method> <!-- setUp -->
        <test-method signature="executeTest(java.lang.String,java.lang.String,java.lang.String,java.lang.String,java.lang.String,java.lang.String,java.lang.String,java.lang.String)[pri:0, instance:com.finance.yahoo.test.testcases.YahooSignUp@341b80b2]" started-at="2021-04-25T00:03:13 EEST" name="executeTest" data-provider="login-Data" finished-at="2021-04-25T00:03:27 EEST" duration-ms="14386" status="PASS">
          <params>
            <param index="0">
              <value>
                <![CDATA[asdasd]]>
              </value>
            </param>
            <param index="1">
              <value>
                <![CDATA[asdasd]]>
              </value>
            </param>
            <param index="2">
              <value>
                <![CDATA[asdy]]>
              </value>
            </param>
            <param index="3">
              <value>
                <![CDATA[d]]>
              </value>
            </param>
            <param index="4">
              <value>
                <![CDATA[dad]]>
              </value>
            </param>
            <param index="5">
              <value>
                <![CDATA[2]]>
              </value>
            </param>
            <param index="6">
              <value>
                <![CDATA[4]]>
              </value>
            </param>
            <param index="7">
              <value>
                <![CDATA[1]]>
              </value>
            </param>
          </params>
          <reporter-output>
          </reporter-output>
        </test-method> <!-- executeTest -->
        <test-method is-config="true" signature="tearDown()[pri:0, instance:com.finance.yahoo.test.testcases.YahooSignUp@341b80b2]" started-at="2021-04-25T00:03:27 EEST" name="tearDown" finished-at="2021-04-25T00:03:28 EEST" duration-ms="660" status="PASS">
          <reporter-output>
          </reporter-output>
        </test-method> <!-- tearDown -->
      </class> <!-- com.finance.yahoo.test.testcases.YahooSignUp -->
      <class name="com.finance.yahoo.test.testcases.CheckStatistics">
        <test-method is-config="true" signature="setUp()[pri:0, instance:com.finance.yahoo.test.testcases.CheckStatistics@4f9a3314]" started-at="2021-04-25T00:02:49 EEST" name="setUp" finished-at="2021-04-25T00:02:52 EEST" duration-ms="3395" status="PASS">
          <reporter-output>
          </reporter-output>
        </test-method> <!-- setUp -->
        <test-method signature="executeTest(java.lang.String,java.lang.String,java.lang.String)[pri:0, instance:com.finance.yahoo.test.testcases.CheckStatistics@4f9a3314]" started-at="2021-04-25T00:02:52 EEST" name="executeTest" data-provider="companies-Data" finished-at="2021-04-25T00:03:11 EEST" duration-ms="19330" status="PASS">
          <params>
            <param index="0">
              <value>
                <![CDATA[Apple]]>
              </value>
            </param>
            <param index="1">
              <value>
                <![CDATA[0.82 (0.62%)]]>
              </value>
            </param>
            <param index="2">
              <value>
                <![CDATA[34.13]]>
              </value>
            </param>
          </params>
          <reporter-output>
          </reporter-output>
        </test-method> <!-- executeTest -->
        <test-method is-config="true" signature="tearDown()[pri:0, instance:com.finance.yahoo.test.testcases.CheckStatistics@4f9a3314]" started-at="2021-04-25T00:03:11 EEST" name="tearDown" finished-at="2021-04-25T00:03:12 EEST" duration-ms="726" status="PASS">
          <reporter-output>
          </reporter-output>
        </test-method> <!-- tearDown -->
        <test-method is-config="true" signature="setUp()[pri:0, instance:com.finance.yahoo.test.testcases.CheckStatistics@4f9a3314]" started-at="2021-04-25T00:03:12 EEST" name="setUp" finished-at="2021-04-25T00:03:14 EEST" duration-ms="2329" status="PASS">
          <reporter-output>
          </reporter-output>
        </test-method> <!-- setUp -->
        <test-method signature="executeTest(java.lang.String,java.lang.String,java.lang.String)[pri:0, instance:com.finance.yahoo.test.testcases.CheckStatistics@4f9a3314]" started-at="2021-04-25T00:03:14 EEST" name="executeTest" data-provider="companies-Data" finished-at="2021-04-25T00:03:31 EEST" duration-ms="17111" status="PASS">
          <params>
            <param index="0">
              <value>
                <![CDATA[Amazon]]>
              </value>
            </param>
            <param index="1">
              <value>
                <![CDATA[N/A (N/A)]]>
              </value>
            </param>
            <param index="2">
              <value>
                <![CDATA[17.99]]>
              </value>
            </param>
          </params>
          <reporter-output>
          </reporter-output>
        </test-method> <!-- executeTest -->
        <test-method is-config="true" signature="tearDown()[pri:0, instance:com.finance.yahoo.test.testcases.CheckStatistics@4f9a3314]" started-at="2021-04-25T00:03:31 EEST" name="tearDown" finished-at="2021-04-25T00:03:32 EEST" duration-ms="760" status="PASS">
          <reporter-output>
          </reporter-output>
        </test-method> <!-- tearDown -->
      </class> <!-- com.finance.yahoo.test.testcases.CheckStatistics -->
    </test> <!-- Selenium Course Suite tests -->
  </suite> <!-- Test Demo Suite -->
</testng-results>
